18:52:48.265 INFO  app.Launcher : Creating connection...
18:52:49.549 INFO  app.Launcher : start() called
18:53:02.590 INFO  controller.AppController : Author list item clicked
18:53:06.387 INFO  app.Launcher : Closing connection...
19:03:22.630 INFO  app.Launcher : Creating connection...
19:03:23.305 INFO  app.Launcher : start() called
19:03:58.215 INFO  db.AuthorTableGateway : New author created. Id = 18
19:03:58.280 INFO  controller.AuthorAddController : Author added to the list 
19:09:04.069 INFO  app.Launcher : Creating connection...
19:09:04.889 INFO  app.Launcher : start() called
19:09:32.108 INFO  app.Launcher : Closing connection...
19:13:49.119 INFO  app.Launcher : Creating connection...
19:13:49.961 INFO  app.Launcher : start() called
19:14:03.791 INFO  controller.AppController : Author list item clicked
19:14:03.899 INFO  controller.AppController : switched to author List pane
19:14:11.575 INFO  controller.AuthorListController : view list of Authors
19:14:11.579 INFO  controller.AppController : switched to author detail pane
19:14:41.452 INFO  controller.AppController : Author list item clicked
19:14:41.475 INFO  controller.AppController : switched to author List pane
19:14:51.329 INFO  controller.AuthorListController : view list of Authors
19:14:51.331 INFO  controller.AppController : switched to author detail pane
19:15:39.557 INFO  app.Launcher : Creating connection...
19:15:40.321 INFO  app.Launcher : start() called
19:15:50.024 INFO  controller.AppController : Author list item clicked
19:15:50.133 INFO  controller.AppController : switched to author List pane
19:15:59.020 INFO  controller.AuthorListController : view Author detail
19:15:59.024 INFO  controller.AppController : switched to author detail pane
19:16:11.477 INFO  controller.AppController : add new author clicked
19:16:11.481 INFO  controller.AppController : switched to add author pane
19:17:32.137 INFO  db.AuthorTableGateway : New author created. Id = 19
19:17:32.145 INFO  controller.AppController : switched to author List pane
19:17:32.162 INFO  controller.AuthorAddController : Author added to the list 
19:19:47.209 INFO  app.Launcher : Closing connection...
19:19:50.077 INFO  app.Launcher : Closing connection...
19:25:22.854 INFO  app.Launcher : Creating connection...
19:25:23.663 INFO  app.Launcher : start() called
19:25:28.576 INFO  controller.AppController : Author list item clicked
19:25:28.685 INFO  controller.AppController : switched to author List pane
19:25:32.062 INFO  controller.AuthorListController : view Author detail
19:25:32.066 INFO  controller.AppController : switched to author detail pane
19:25:38.978 INFO  controller.AppController : Author list item clicked
19:25:38.996 INFO  controller.AppController : switched to author List pane
19:25:42.000 INFO  controller.AppController : add new author clicked
19:25:42.003 INFO  controller.AppController : switched to add author pane
19:26:13.917 INFO  db.AuthorTableGateway : New author created. Id = 20
19:26:13.928 INFO  controller.AppController : switched to author List pane
19:26:13.955 INFO  controller.AuthorAddController : Author added to the list 
19:26:37.013 INFO  controller.AppController : add new author clicked
19:26:37.016 INFO  controller.AppController : switched to add author pane
19:27:08.770 INFO  db.AuthorTableGateway : New author created. Id = 21
19:27:08.778 INFO  controller.AppController : switched to author List pane
19:27:08.792 INFO  controller.AuthorAddController : Author added to the list 
19:27:31.730 INFO  controller.AuthorListController : view Author detail
19:27:31.732 INFO  controller.AppController : switched to author detail pane
19:27:43.644 INFO  controller.AuthorDetailController : Author's name is rat
19:28:07.183 INFO  controller.AppController : Author list item clicked
19:28:07.208 INFO  controller.AppController : switched to author List pane
19:28:08.874 INFO  controller.AuthorListController : view Author detail
19:28:08.875 INFO  controller.AppController : switched to author detail pane
19:28:14.125 INFO  controller.AuthorDetailController : Author's name is rat
19:28:19.007 INFO  controller.AppController : Author list item clicked
19:28:19.015 INFO  controller.AppController : switched to author List pane
19:28:20.568 INFO  controller.AuthorListController : view Author detail
19:28:20.570 INFO  controller.AppController : switched to author detail pane
19:28:28.945 INFO  controller.AppController : Author list item clicked
19:28:28.954 INFO  controller.AppController : switched to author List pane
19:28:30.249 INFO  controller.AuthorListController : view Author detail
19:28:30.251 INFO  controller.AppController : switched to author detail pane
19:28:34.222 INFO  db.AuthorTableGateway : Author with id = 20 deleted from database.
19:28:34.224 INFO  controller.AuthorDetailController : memewas deleted from the list of Authors
19:28:34.230 INFO  controller.AppController : switched to author List pane
19:28:43.316 INFO  controller.AppController : Quit application item clicked
19:28:43.319 INFO  app.Launcher : Closing connection...
18:12:31.818 INFO  app.Launcher : Creating connection...
18:12:37.637 INFO  app.Launcher : start() called
18:12:47.697 INFO  app.Launcher : Closing connection...
18:42:03.923 INFO  app.Launcher : Creating connection...
18:45:11.235 INFO  app.Launcher : Creating connection...
18:46:52.033 INFO  app.Launcher : Creating connection...
18:47:39.340 INFO  app.Launcher : Creating connection...
18:48:15.087 INFO  app.Launcher : Creating connection...
18:54:33.420 INFO  app.Launcher : Creating connection...
18:55:06.665 INFO  app.Launcher : Creating connection...
18:56:22.591 INFO  app.Launcher : Creating connection...
19:01:21.970 INFO  app.Launcher : Creating connection...
19:05:04.278 INFO  app.Launcher : Creating connection...
19:05:06.505 INFO  app.Launcher : start() called
19:05:21.534 INFO  app.Launcher : Closing connection...
19:06:13.928 INFO  app.Launcher : Creating connection...
19:06:14.773 INFO  app.Launcher : start() called
19:06:20.260 INFO  app.Launcher : Closing connection...
06:49:04.190 INFO  app.Launcher : Creating connection...
06:49:06.143 INFO  app.Launcher : start() called
06:49:17.729 INFO  controller.AppController : switched to author detail pane
06:49:31.412 INFO  controller.AppController : Author list item clicked
06:49:31.707 INFO  controller.AppController : switched to author List pane
06:49:39.319 INFO  controller.AppController : add new author clicked
06:49:39.385 INFO  controller.AppController : switched to add author pane
06:49:39.387 INFO  controller.AppController : switched to author detail pane
06:49:47.528 INFO  controller.AppController : add new author clicked
06:49:47.533 INFO  controller.AppController : switched to add author pane
06:49:47.534 INFO  controller.AppController : switched to author detail pane
06:49:53.796 INFO  app.Launcher : Closing connection...
06:50:05.796 INFO  app.Launcher : Creating connection...
06:50:06.966 INFO  app.Launcher : start() called
06:50:13.474 INFO  controller.AppController : switched to author detail pane
06:51:04.754 INFO  app.Launcher : Creating connection...
06:51:05.630 INFO  app.Launcher : start() called
06:51:12.970 INFO  controller.AppController : switched to author detail pane
06:55:32.130 INFO  app.Launcher : Creating connection...
06:55:33.425 INFO  app.Launcher : start() called
06:55:41.748 INFO  app.Launcher : Closing connection...
06:56:47.055 INFO  app.Launcher : Creating connection...
06:56:48.314 INFO  app.Launcher : start() called
06:56:55.715 INFO  app.Launcher : Closing connection...
07:00:44.528 INFO  app.Launcher : Creating connection...
07:00:45.820 INFO  app.Launcher : start() called
07:01:12.498 INFO  controller.AppController : add new author clicked
07:01:12.505 INFO  controller.AppController : switched to add author pane
07:01:15.987 INFO  app.Launcher : Closing connection...
07:01:45.712 INFO  app.Launcher : Closing connection...
08:34:21.031 INFO  app.Launcher : Creating connection...
08:34:21.688 INFO  app.Launcher : start() called
09:01:42.821 INFO  app.Launcher : Closing connection...
10:30:40.039 INFO  app.Launcher : Creating connection...
10:30:40.666 INFO  app.Launcher : start() called
10:30:48.600 INFO  app.Launcher : Closing connection...
10:38:25.523 INFO  app.Launcher : Creating connection...
10:38:26.319 INFO  app.Launcher : start() called
10:38:31.945 INFO  app.Launcher : Closing connection...
10:38:39.151 INFO  app.Launcher : Creating connection...
10:38:40.159 INFO  app.Launcher : start() called
10:38:47.633 INFO  controller.AppController : switched to author detail pane
10:38:54.391 INFO  app.Launcher : Closing connection...
10:42:04.590 INFO  app.Launcher : Creating connection...
10:42:05.354 INFO  app.Launcher : start() called
10:42:09.811 INFO  controller.AppController : switched to author detail pane
10:42:14.760 INFO  controller.AppController : Author list item clicked
10:42:14.954 INFO  controller.AppController : switched to author List pane
10:42:24.305 INFO  controller.AppController : add new author clicked
10:42:24.383 INFO  controller.AppController : switched to add author pane
10:42:24.393 INFO  controller.AppController : switched to author detail pane
10:42:28.181 INFO  controller.AppController : add new author clicked
10:42:28.183 INFO  controller.AppController : switched to add author pane
10:42:28.190 INFO  controller.AppController : switched to author detail pane
10:42:31.071 INFO  app.Launcher : Closing connection...
10:43:31.685 INFO  app.Launcher : Creating connection...
10:43:32.506 INFO  app.Launcher : start() called
10:44:03.029 INFO  controller.AppController : add new author clicked
10:44:03.037 INFO  controller.AppController : switched to add author pane
10:44:03.120 INFO  controller.AppController : switched to author detail pane
10:45:23.403 INFO  app.Launcher : Creating connection...
10:45:24.275 INFO  app.Launcher : start() called
10:45:30.416 INFO  controller.AppController : add new author clicked
10:45:30.424 INFO  controller.AppController : switched to add author pane
10:45:30.488 INFO  controller.AppController : switched to author detail pane
10:47:10.396 INFO  app.Launcher : Creating connection...
10:47:11.221 INFO  app.Launcher : start() called
10:47:15.738 INFO  controller.AppController : add new author clicked
10:47:15.743 INFO  controller.AppController : switched to add author pane
10:47:58.757 INFO  db.AuthorTableGateway : New author created. Id = 23
10:47:58.771 INFO  controller.AppController : switched to author List pane
10:47:58.834 INFO  controller.AuthorAddController : Author added to the list 
10:48:01.607 INFO  controller.AuthorListController : view Author detail
10:48:01.611 INFO  controller.AppController : switched to author detail pane
10:48:08.554 INFO  controller.AppController : switched to author detail pane
10:48:14.165 INFO  controller.AppController : switched to add author pane
10:48:14.167 INFO  controller.AppController : switched to add author pane
10:48:17.289 INFO  app.Launcher : Closing connection...
10:49:45.592 INFO  app.Launcher : Creating connection...
10:49:46.399 INFO  app.Launcher : start() called
10:49:51.937 INFO  app.Launcher : Closing connection...
10:49:53.679 INFO  app.Launcher : Closing connection...
10:49:55.489 INFO  app.Launcher : Closing connection...
11:25:22.488 INFO  app.Launcher : Creating connection...
11:25:23.594 INFO  app.Launcher : start() called
11:26:26.781 INFO  controller.AppController : switched to author detail pane
11:26:28.752 INFO  controller.BookController : view Author detail
11:26:32.497 INFO  app.Launcher : Closing connection...
11:35:55.814 INFO  app.Launcher : Creating connection...
11:35:56.563 INFO  app.Launcher : start() called
11:36:04.584 INFO  controller.AppController : switched to author detail pane
11:36:06.288 INFO  controller.BookController : view Author detail
11:36:06.293 INFO  controller.AppController : switched to add author pane
11:36:09.035 INFO  app.Launcher : Closing connection...
11:39:00.762 INFO  app.Launcher : Creating connection...
11:39:01.616 INFO  app.Launcher : start() called
11:39:07.776 INFO  controller.AppController : switched to author detail pane
11:39:09.528 INFO  controller.BookController : view Author detail
11:39:09.533 INFO  controller.AppController : switched to add author pane
11:39:34.033 INFO  app.Launcher : Closing connection...
11:41:48.852 INFO  app.Launcher : Creating connection...
11:41:49.701 INFO  app.Launcher : start() called
11:41:54.064 INFO  controller.AppController : switched to author detail pane
11:41:55.960 INFO  controller.BookController : view Author detail
11:41:55.964 INFO  controller.AppController : switched to add author pane
11:42:01.970 INFO  controller.AppController : switched to author detail pane
11:42:04.974 INFO  controller.AppController : switched to author detail pane
11:42:06.542 INFO  controller.BookController : view Author detail
11:42:06.544 INFO  controller.AppController : switched to add author pane
11:42:16.613 INFO  app.Launcher : Closing connection...
11:43:25.065 INFO  app.Launcher : Creating connection...
11:43:26.036 INFO  app.Launcher : start() called
11:43:45.548 INFO  controller.AppController : switched to author detail pane
11:43:47.372 INFO  controller.BookController : view Author detail
11:43:47.376 INFO  controller.AppController : switched to add author pane
11:43:50.699 INFO  app.Launcher : Closing connection...
11:50:38.332 INFO  app.Launcher : Creating connection...
11:50:39.158 INFO  app.Launcher : start() called
11:50:55.579 INFO  controller.AppController : switched to author detail pane
11:50:57.835 INFO  controller.BookController : view Author detail
11:50:57.839 INFO  controller.AppController : switched to add author pane
11:51:18.106 INFO  app.Launcher : Closing connection...
13:20:52.913 INFO  app.Launcher : Creating connection...
13:20:57.170 INFO  app.Launcher : start() called
13:21:13.514 INFO  controller.AppController : switched to add author pane
13:21:15.430 INFO  app.Launcher : Closing connection...
13:24:49.764 INFO  app.Launcher : Creating connection...
13:24:50.498 INFO  app.Launcher : start() called
13:25:05.504 INFO  controller.AppController : switched to add author pane
13:26:01.416 INFO  controller.AppController : switched to add author pane
13:26:06.333 INFO  controller.AppController : switched to author detail pane
13:26:59.366 INFO  app.Launcher : Closing connection...
13:27:01.747 INFO  app.Launcher : Creating connection...
13:27:02.614 INFO  app.Launcher : start() called
13:27:10.179 INFO  app.Launcher : Closing connection...
13:56:56.767 INFO  app.Launcher : Creating connection...
13:57:52.734 INFO  app.Launcher : Creating connection...
13:57:53.669 INFO  app.Launcher : start() called
13:57:59.228 INFO  controller.AppController : switched to add author pane
13:59:00.778 INFO  controller.AppController : switched to author detail pane
13:59:16.395 INFO  controller.BookController : view Author detail
13:59:16.443 INFO  controller.AppController : switched to add author pane
13:59:27.760 INFO  controller.AppController : switched to author detail pane
13:59:28.829 INFO  controller.BookController : view Author detail
13:59:28.830 INFO  controller.AppController : switched to add author pane
13:59:33.061 INFO  app.Launcher : Closing connection...
14:14:27.705 INFO  app.Launcher : Creating connection...
14:14:29.027 INFO  app.Launcher : start() called
14:14:36.818 INFO  controller.AppController : switched to add author pane
14:15:12.929 INFO  controller.AppController : switched to author detail pane
14:15:30.037 INFO  controller.AppController : Author list item clicked
14:15:30.254 INFO  controller.AppController : switched to author List pane
14:15:45.411 INFO  app.Launcher : Closing connection...
14:23:19.024 INFO  app.Launcher : Creating connection...
14:23:20.013 INFO  app.Launcher : start() called
14:23:25.868 INFO  controller.AppController : switched to add author pane
14:24:06.708 INFO  controller.AppController : switched to author detail pane
14:26:50.904 INFO  app.Launcher : Creating connection...
14:26:51.734 INFO  app.Launcher : start() called
14:26:56.770 INFO  controller.AppController : switched to add author pane
14:27:31.387 INFO  db.BookTableGateWay : New author created. Id = 3
14:27:31.402 INFO  controller.AppController : switched to author detail pane
14:27:34.555 INFO  controller.BookController : view Author detail
14:27:34.570 INFO  controller.AppController : switched to add author pane
14:27:42.570 INFO  app.Launcher : Closing connection...
14:37:30.629 INFO  app.Launcher : Creating connection...
14:37:31.389 INFO  app.Launcher : start() called
14:37:33.686 INFO  app.Launcher : Closing connection...
14:37:39.144 INFO  controller.AppController : switched to author detail pane
14:37:40.579 INFO  controller.BookController : view Author detail
14:37:40.584 INFO  controller.AppController : switched to add author pane
14:37:46.638 INFO  controller.AppController : switched to add author pane
14:38:44.912 INFO  controller.AppController : switched to author detail pane
14:39:02.549 INFO  app.Launcher : Closing connection...
15:24:43.257 INFO  app.Launcher : Creating connection...
15:24:44.242 INFO  app.Launcher : start() called
15:24:49.879 INFO  controller.AppController : switched to add author pane
15:24:54.949 INFO  controller.AppController : switched to author detail pane
15:24:56.775 INFO  controller.BookController : view Author detail
15:24:56.779 INFO  controller.AppController : switched to add author pane
15:25:00.300 INFO  app.Launcher : Closing connection...
04:18:41.534 INFO  app.Launcher : Creating connection...
04:18:43.939 INFO  app.Launcher : start() called
04:19:00.712 INFO  controller.AppController : switched to author detail pane
04:22:31.931 INFO  controller.BookController : view Author detail
04:22:32.021 INFO  controller.AppController : switched to add author pane
04:22:46.025 INFO  app.Launcher : Closing connection...
06:51:40.230 INFO  app.Launcher : Creating connection...
06:51:42.242 INFO  app.Launcher : start() called
06:52:00.300 INFO  controller.AppController : switched to author detail pane
06:52:02.859 INFO  controller.BookController : view Author detail
06:52:05.076 INFO  app.Launcher : Closing connection...
06:53:57.544 INFO  app.Launcher : Creating connection...
06:53:59.307 INFO  app.Launcher : start() called
06:54:06.407 INFO  controller.AppController : switched to author detail pane
06:54:08.268 INFO  controller.BookController : view Author detail
06:54:12.551 INFO  app.Launcher : Closing connection...
06:59:22.763 INFO  app.Launcher : Creating connection...
06:59:24.206 INFO  app.Launcher : start() called
06:59:32.425 INFO  controller.AppController : switched to author detail pane
06:59:34.277 INFO  controller.BookController : view Author detail
06:59:36.255 INFO  app.Launcher : Closing connection...
07:01:26.974 INFO  app.Launcher : Creating connection...
07:01:28.275 INFO  app.Launcher : start() called
07:01:33.699 INFO  controller.AppController : switched to author detail pane
07:01:35.180 INFO  controller.BookController : view Author detail
07:01:37.194 INFO  app.Launcher : Closing connection...
07:04:36.087 INFO  app.Launcher : Creating connection...
07:04:37.381 INFO  app.Launcher : start() called
07:04:42.782 INFO  controller.AppController : switched to author detail pane
07:04:46.407 INFO  controller.BookController : view Author detail
07:04:48.725 INFO  app.Launcher : Closing connection...
07:11:02.797 INFO  app.Launcher : Creating connection...
07:11:04.178 INFO  app.Launcher : start() called
07:11:09.479 INFO  controller.AppController : switched to author detail pane
07:11:10.962 INFO  controller.BookController : view Author detail
07:11:15.278 INFO  app.Launcher : Closing connection...
07:11:43.195 INFO  app.Launcher : Creating connection...
07:11:44.412 INFO  app.Launcher : start() called
07:11:52.330 INFO  controller.AppController : switched to author detail pane
07:11:54.096 INFO  controller.BookController : view Author detail
07:11:54.135 INFO  controller.AppController : switched to add author pane
07:11:57.355 INFO  app.Launcher : Closing connection...
07:14:00.770 INFO  app.Launcher : Creating connection...
07:14:02.035 INFO  app.Launcher : start() called
07:14:07.081 INFO  controller.AppController : switched to author detail pane
07:14:09.143 INFO  controller.BookController : view Author detail
07:14:09.183 INFO  controller.AppController : switched to add author pane
07:14:14.863 INFO  app.Launcher : Closing connection...
07:14:27.884 INFO  app.Launcher : Creating connection...
07:14:29.088 INFO  app.Launcher : start() called
07:14:37.593 INFO  controller.AppController : switched to author detail pane
07:14:39.510 INFO  controller.BookController : view Author detail
07:14:39.549 INFO  controller.AppController : switched to add author pane
07:14:43.346 INFO  app.Launcher : Closing connection...
07:52:24.754 INFO  app.Launcher : Creating connection...
07:52:25.939 INFO  app.Launcher : start() called
07:53:19.791 INFO  controller.AppController : switched to author detail pane
07:53:22.685 INFO  controller.BookController : view Author detail
07:53:22.757 INFO  controller.AppController : switched to add author pane
10:54:17.717 INFO  app.Launcher : Closing connection...
14:18:31.771 INFO  app.Launcher : Creating connection...
14:18:32.361 INFO  app.Launcher : start() called
14:18:41.331 INFO  controller.AppController : switched to author detail pane
14:18:54.288 INFO  controller.AppController : switched to add author pane
14:19:07.704 INFO  app.Launcher : Closing connection...
14:23:12.658 INFO  app.Launcher : Creating connection...
14:23:13.293 INFO  app.Launcher : start() called
14:23:23.622 INFO  controller.AppController : switched to book list pane
14:23:29.381 INFO  controller.AppController : switched to add book pane
14:24:18.286 INFO  controller.AppController : Quit application item clicked
14:24:18.293 INFO  app.Launcher : Closing connection...
14:25:16.146 INFO  app.Launcher : Creating connection...
14:25:16.702 INFO  app.Launcher : start() called
14:25:32.657 INFO  controller.AppController : Author list item clicked
14:25:32.745 INFO  controller.AppController : switched to author List pane
14:25:39.082 INFO  app.Launcher : Closing connection...
14:35:48.318 INFO  app.Launcher : Creating connection...
14:35:48.811 INFO  app.Launcher : start() called
14:35:52.629 INFO  controller.AppController : switched to book list pane
14:35:55.586 INFO  controller.BookController : view Book detail
14:35:55.597 INFO  controller.AppController : switched to book detail pane
14:35:58.348 INFO  controller.BookController : view Book detail
14:35:58.373 INFO  controller.AppController : switched to book detail pane
14:36:01.101 INFO  controller.AppController : switched to add book pane
14:36:23.482 INFO  controller.AppController : switched to book list pane
14:37:09.016 INFO  controller.AppController : switched to add book pane
14:37:17.383 INFO  controller.AppController : Quit application item clicked
14:37:17.393 INFO  app.Launcher : Closing connection...
